[debug] [2023-09-03T06:07:50.596Z] ----------------------------------------------------------------------
[debug] [2023-09-03T06:07:50.601Z] Command:       C:\Program Files\nodejs\node.exe C:\Users\california\AppData\Roaming\npm\node_modules\firebase-tools\lib\bin\firebase.js deploy
[debug] [2023-09-03T06:07:50.602Z] CLI Version:   12.5.2
[debug] [2023-09-03T06:07:50.603Z] Platform:      win32
[debug] [2023-09-03T06:07:50.604Z] Node Version:  v16.13.1
[debug] [2023-09-03T06:07:50.746Z] Time:          Sun Sep 03 2023 12:07:50 GMT+0600 (Bangladesh Standard Time)
[debug] [2023-09-03T06:07:50.747Z] ----------------------------------------------------------------------
[debug] 
[debug] [2023-09-03T06:07:51.007Z] > command requires scopes: ["email","openid","https://www.googleapis.com/auth/cloudplatformprojects.readonly","https://www.googleapis.com/auth/firebase","https://www.googleapis.com/auth/cloud-platform"]
[debug] [2023-09-03T06:07:51.007Z] > authorizing via signed-in user (tasnimulsharan8962@gmail.com)
[debug] [2023-09-03T06:07:51.007Z] [iam] checking project warehouse-management-264df for permissions ["firebase.projects.get","firebasehosting.sites.update"]
[debug] [2023-09-03T06:07:51.009Z] > refreshing access token with scopes: []
[debug] [2023-09-03T06:07:51.011Z] >>> [apiv2][query] POST https://www.googleapis.com/oauth2/v3/token [none]
[debug] [2023-09-03T06:07:51.011Z] >>> [apiv2][body] POST https://www.googleapis.com/oauth2/v3/token [omitted]
[debug] [2023-09-03T06:07:51.490Z] <<< [apiv2][status] POST https://www.googleapis.com/oauth2/v3/token 400
[debug] [2023-09-03T06:07:51.491Z] <<< [apiv2][body] POST https://www.googleapis.com/oauth2/v3/token [omitted]
[debug] [2023-09-03T06:07:51.492Z] >>> [apiv2][query] POST https://cloudresourcemanager.googleapis.com/v1/projects/warehouse-management-264df:testIamPermissions [none]
[debug] [2023-09-03T06:07:51.492Z] >>> [apiv2][(partial)header] POST https://cloudresourcemanager.googleapis.com/v1/projects/warehouse-management-264df:testIamPermissions x-goog-quota-user=projects/warehouse-management-264df
[debug] [2023-09-03T06:07:51.492Z] >>> [apiv2][body] POST https://cloudresourcemanager.googleapis.com/v1/projects/warehouse-management-264df:testIamPermissions {"permissions":["firebase.projects.get","firebasehosting.sites.update"]}
[debug] [2023-09-03T06:07:52.984Z] <<< [apiv2][status] POST https://cloudresourcemanager.googleapis.com/v1/projects/warehouse-management-264df:testIamPermissions 401
[debug] [2023-09-03T06:07:52.985Z] <<< [apiv2][body] POST https://cloudresourcemanager.googleapis.com/v1/projects/warehouse-management-264df:testIamPermissions {"error":{"code":401,"message":"Request had invalid authentication credentials. Expected OAuth 2 access token, login cookie or other valid authentication credential. See https://developers.google.com/identity/sign-in/web/devconsole-project.","status":"UNAUTHENTICATED","details":[{"@type":"type.googleapis.com/google.rpc.ErrorInfo","reason":"ACCESS_TOKEN_TYPE_UNSUPPORTED","metadata":{"method":"google.cloudresourcemanager.v1.Projects.TestIamPermissions","service":"cloudresourcemanager.googleapis.com"}}]}}
[debug] [2023-09-03T06:07:52.987Z] [iam] error while checking permissions, command may fail: FirebaseError: HTTP Error: 401, Request had invalid authentication credentials. Expected OAuth 2 access token, login cookie or other valid authentication credential. See https://developers.google.com/identity/sign-in/web/devconsole-project.
[debug] [2023-09-03T06:07:52.987Z] > refreshing access token with scopes: []
[debug] [2023-09-03T06:07:52.988Z] >>> [apiv2][query] POST https://www.googleapis.com/oauth2/v3/token [none]
[debug] [2023-09-03T06:07:52.988Z] >>> [apiv2][body] POST https://www.googleapis.com/oauth2/v3/token [omitted]
[debug] [2023-09-03T06:07:53.271Z] <<< [apiv2][status] POST https://www.googleapis.com/oauth2/v3/token 400
[debug] [2023-09-03T06:07:53.271Z] <<< [apiv2][body] POST https://www.googleapis.com/oauth2/v3/token [omitted]
[debug] [2023-09-03T06:07:53.272Z] >>> [apiv2][query] GET https://firebase.googleapis.com/v1beta1/projects/warehouse-management-264df [none]
[debug] [2023-09-03T06:07:54.274Z] <<< [apiv2][status] GET https://firebase.googleapis.com/v1beta1/projects/warehouse-management-264df 401
[debug] [2023-09-03T06:07:54.274Z] <<< [apiv2][body] GET https://firebase.googleapis.com/v1beta1/projects/warehouse-management-264df {"error":{"code":401,"message":"Request had invalid authentication credentials. Expected OAuth 2 access token, login cookie or other valid authentication credential. See https://developers.google.com/identity/sign-in/web/devconsole-project.","status":"UNAUTHENTICATED"}}
[debug] [2023-09-03T06:07:54.274Z] HTTP Error: 401, Request had invalid authentication credentials. Expected OAuth 2 access token, login cookie or other valid authentication credential. See https://developers.google.com/identity/sign-in/web/devconsole-project.
[debug] [2023-09-03T06:07:54.701Z] FirebaseError: HTTP Error: 401, Request had invalid authentication credentials. Expected OAuth 2 access token, login cookie or other valid authentication credential. See https://developers.google.com/identity/sign-in/web/devconsole-project.
    at responseToError (C:\Users\california\AppData\Roaming\npm\node_modules\firebase-tools\lib\responseToError.js:49:12)
    at RetryOperation._fn (C:\Users\california\AppData\Roaming\npm\node_modules\firebase-tools\lib\apiv2.js:285:77)
    at processTicksAndRejections (node:internal/process/task_queues:96:5)
[error] 
[error] Error: Failed to get Firebase project warehouse-management-264df. Please make sure the project exists and your account has permission to access it.
[debug] [2023-09-03T07:40:46.945Z] ----------------------------------------------------------------------
[debug] [2023-09-03T07:40:46.948Z] Command:       C:\Program Files\nodejs\node.exe C:\Users\california\AppData\Roaming\npm\node_modules\firebase-tools\lib\bin\firebase.js deploy
[debug] [2023-09-03T07:40:46.948Z] CLI Version:   12.5.2
[debug] [2023-09-03T07:40:46.948Z] Platform:      win32
[debug] [2023-09-03T07:40:46.949Z] Node Version:  v16.13.1
[debug] [2023-09-03T07:40:47.116Z] Time:          Sun Sep 03 2023 13:40:46 GMT+0600 (Bangladesh Standard Time)
[debug] [2023-09-03T07:40:47.117Z] ----------------------------------------------------------------------
[debug] 
[debug] [2023-09-03T07:40:47.253Z] > command requires scopes: ["email","openid","https://www.googleapis.com/auth/cloudplatformprojects.readonly","https://www.googleapis.com/auth/firebase","https://www.googleapis.com/auth/cloud-platform"]
[debug] [2023-09-03T07:40:47.254Z] > authorizing via signed-in user (tasnimulsharan8962@gmail.com)
[debug] [2023-09-03T07:40:47.254Z] [iam] checking project warehouse-management-264df for permissions ["firebase.projects.get","firebasehosting.sites.update"]
[debug] [2023-09-03T07:40:47.255Z] > refreshing access token with scopes: []
[debug] [2023-09-03T07:40:47.257Z] >>> [apiv2][query] POST https://www.googleapis.com/oauth2/v3/token [none]
[debug] [2023-09-03T07:40:47.257Z] >>> [apiv2][body] POST https://www.googleapis.com/oauth2/v3/token [omitted]
[debug] [2023-09-03T07:40:49.069Z] <<< [apiv2][status] POST https://www.googleapis.com/oauth2/v3/token 400
[debug] [2023-09-03T07:40:49.069Z] <<< [apiv2][body] POST https://www.googleapis.com/oauth2/v3/token [omitted]
[debug] [2023-09-03T07:40:49.069Z] >>> [apiv2][query] POST https://cloudresourcemanager.googleapis.com/v1/projects/warehouse-management-264df:testIamPermissions [none]
[debug] [2023-09-03T07:40:49.069Z] >>> [apiv2][(partial)header] POST https://cloudresourcemanager.googleapis.com/v1/projects/warehouse-management-264df:testIamPermissions x-goog-quota-user=projects/warehouse-management-264df
[debug] [2023-09-03T07:40:49.070Z] >>> [apiv2][body] POST https://cloudresourcemanager.googleapis.com/v1/projects/warehouse-management-264df:testIamPermissions {"permissions":["firebase.projects.get","firebasehosting.sites.update"]}
[debug] [2023-09-03T07:40:51.211Z] <<< [apiv2][status] POST https://cloudresourcemanager.googleapis.com/v1/projects/warehouse-management-264df:testIamPermissions 401
[debug] [2023-09-03T07:40:51.211Z] <<< [apiv2][body] POST https://cloudresourcemanager.googleapis.com/v1/projects/warehouse-management-264df:testIamPermissions {"error":{"code":401,"message":"Request had invalid authentication credentials. Expected OAuth 2 access token, login cookie or other valid authentication credential. See https://developers.google.com/identity/sign-in/web/devconsole-project.","status":"UNAUTHENTICATED","details":[{"@type":"type.googleapis.com/google.rpc.ErrorInfo","reason":"ACCESS_TOKEN_TYPE_UNSUPPORTED","metadata":{"method":"google.cloudresourcemanager.v1.Projects.TestIamPermissions","service":"cloudresourcemanager.googleapis.com"}}]}}
[debug] [2023-09-03T07:40:51.213Z] [iam] error while checking permissions, command may fail: FirebaseError: HTTP Error: 401, Request had invalid authentication credentials. Expected OAuth 2 access token, login cookie or other valid authentication credential. See https://developers.google.com/identity/sign-in/web/devconsole-project.
[debug] [2023-09-03T07:40:51.214Z] > refreshing access token with scopes: []
[debug] [2023-09-03T07:40:51.214Z] >>> [apiv2][query] POST https://www.googleapis.com/oauth2/v3/token [none]
[debug] [2023-09-03T07:40:51.214Z] >>> [apiv2][body] POST https://www.googleapis.com/oauth2/v3/token [omitted]
[debug] [2023-09-03T07:40:51.505Z] <<< [apiv2][status] POST https://www.googleapis.com/oauth2/v3/token 400
[debug] [2023-09-03T07:40:51.505Z] <<< [apiv2][body] POST https://www.googleapis.com/oauth2/v3/token [omitted]
[debug] [2023-09-03T07:40:51.507Z] >>> [apiv2][query] GET https://firebase.googleapis.com/v1beta1/projects/warehouse-management-264df [none]
[debug] [2023-09-03T07:40:51.925Z] <<< [apiv2][status] GET https://firebase.googleapis.com/v1beta1/projects/warehouse-management-264df 401
[debug] [2023-09-03T07:40:51.925Z] <<< [apiv2][body] GET https://firebase.googleapis.com/v1beta1/projects/warehouse-management-264df {"error":{"code":401,"message":"Request had invalid authentication credentials. Expected OAuth 2 access token, login cookie or other valid authentication credential. See https://developers.google.com/identity/sign-in/web/devconsole-project.","status":"UNAUTHENTICATED"}}
[debug] [2023-09-03T07:40:51.926Z] HTTP Error: 401, Request had invalid authentication credentials. Expected OAuth 2 access token, login cookie or other valid authentication credential. See https://developers.google.com/identity/sign-in/web/devconsole-project.
[debug] [2023-09-03T07:40:52.594Z] FirebaseError: HTTP Error: 401, Request had invalid authentication credentials. Expected OAuth 2 access token, login cookie or other valid authentication credential. See https://developers.google.com/identity/sign-in/web/devconsole-project.
    at responseToError (C:\Users\california\AppData\Roaming\npm\node_modules\firebase-tools\lib\responseToError.js:49:12)
    at RetryOperation._fn (C:\Users\california\AppData\Roaming\npm\node_modules\firebase-tools\lib\apiv2.js:285:77)
    at processTicksAndRejections (node:internal/process/task_queues:96:5)
[error] 
[error] Error: Failed to get Firebase project warehouse-management-264df. Please make sure the project exists and your account has permission to access it.
[debug] [2023-09-03T07:59:37.300Z] ----------------------------------------------------------------------
[debug] [2023-09-03T07:59:37.302Z] Command:       C:\Program Files\nodejs\node.exe C:\Users\california\AppData\Roaming\npm\node_modules\firebase-tools\lib\bin\firebase.js deploy
[debug] [2023-09-03T07:59:37.302Z] CLI Version:   12.5.2
[debug] [2023-09-03T07:59:37.303Z] Platform:      win32
[debug] [2023-09-03T07:59:37.303Z] Node Version:  v16.13.1
[debug] [2023-09-03T07:59:37.304Z] Time:          Sun Sep 03 2023 13:59:37 GMT+0600 (Bangladesh Standard Time)
[debug] [2023-09-03T07:59:37.304Z] ----------------------------------------------------------------------
[debug] 
[debug] [2023-09-03T07:59:37.390Z] > command requires scopes: ["email","openid","https://www.googleapis.com/auth/cloudplatformprojects.readonly","https://www.googleapis.com/auth/firebase","https://www.googleapis.com/auth/cloud-platform"]
[debug] [2023-09-03T07:59:37.391Z] > authorizing via signed-in user (tasnimulsharan8962@gmail.com)
[debug] [2023-09-03T07:59:37.391Z] [iam] checking project warehouse-management-264df for permissions ["firebase.projects.get","firebasehosting.sites.update"]
[debug] [2023-09-03T07:59:37.393Z] > refreshing access token with scopes: []
[debug] [2023-09-03T07:59:37.395Z] >>> [apiv2][query] POST https://www.googleapis.com/oauth2/v3/token [none]
[debug] [2023-09-03T07:59:37.395Z] >>> [apiv2][body] POST https://www.googleapis.com/oauth2/v3/token [omitted]
[debug] [2023-09-03T07:59:37.707Z] <<< [apiv2][status] POST https://www.googleapis.com/oauth2/v3/token 400
[debug] [2023-09-03T07:59:37.707Z] <<< [apiv2][body] POST https://www.googleapis.com/oauth2/v3/token [omitted]
[debug] [2023-09-03T07:59:37.708Z] >>> [apiv2][query] POST https://cloudresourcemanager.googleapis.com/v1/projects/warehouse-management-264df:testIamPermissions [none]
[debug] [2023-09-03T07:59:37.708Z] >>> [apiv2][(partial)header] POST https://cloudresourcemanager.googleapis.com/v1/projects/warehouse-management-264df:testIamPermissions x-goog-quota-user=projects/warehouse-management-264df
[debug] [2023-09-03T07:59:37.708Z] >>> [apiv2][body] POST https://cloudresourcemanager.googleapis.com/v1/projects/warehouse-management-264df:testIamPermissions {"permissions":["firebase.projects.get","firebasehosting.sites.update"]}
[debug] [2023-09-03T07:59:39.158Z] <<< [apiv2][status] POST https://cloudresourcemanager.googleapis.com/v1/projects/warehouse-management-264df:testIamPermissions 401
[debug] [2023-09-03T07:59:39.158Z] <<< [apiv2][body] POST https://cloudresourcemanager.googleapis.com/v1/projects/warehouse-management-264df:testIamPermissions {"error":{"code":401,"message":"Request had invalid authentication credentials. Expected OAuth 2 access token, login cookie or other valid authentication credential. See https://developers.google.com/identity/sign-in/web/devconsole-project.","status":"UNAUTHENTICATED","details":[{"@type":"type.googleapis.com/google.rpc.ErrorInfo","reason":"ACCESS_TOKEN_TYPE_UNSUPPORTED","metadata":{"service":"cloudresourcemanager.googleapis.com","method":"google.cloudresourcemanager.v1.Projects.TestIamPermissions"}}]}}
[debug] [2023-09-03T07:59:39.159Z] [iam] error while checking permissions, command may fail: FirebaseError: HTTP Error: 401, Request had invalid authentication credentials. Expected OAuth 2 access token, login cookie or other valid authentication credential. See https://developers.google.com/identity/sign-in/web/devconsole-project.
[debug] [2023-09-03T07:59:39.160Z] > refreshing access token with scopes: []
[debug] [2023-09-03T07:59:39.161Z] >>> [apiv2][query] POST https://www.googleapis.com/oauth2/v3/token [none]
[debug] [2023-09-03T07:59:39.161Z] >>> [apiv2][body] POST https://www.googleapis.com/oauth2/v3/token [omitted]
[debug] [2023-09-03T07:59:39.396Z] <<< [apiv2][status] POST https://www.googleapis.com/oauth2/v3/token 400
[debug] [2023-09-03T07:59:39.397Z] <<< [apiv2][body] POST https://www.googleapis.com/oauth2/v3/token [omitted]
[debug] [2023-09-03T07:59:39.399Z] >>> [apiv2][query] GET https://firebase.googleapis.com/v1beta1/projects/warehouse-management-264df [none]
[debug] [2023-09-03T07:59:39.699Z] <<< [apiv2][status] GET https://firebase.googleapis.com/v1beta1/projects/warehouse-management-264df 401
[debug] [2023-09-03T07:59:39.699Z] <<< [apiv2][body] GET https://firebase.googleapis.com/v1beta1/projects/warehouse-management-264df {"error":{"code":401,"message":"Request had invalid authentication credentials. Expected OAuth 2 access token, login cookie or other valid authentication credential. See https://developers.google.com/identity/sign-in/web/devconsole-project.","status":"UNAUTHENTICATED"}}
[debug] [2023-09-03T07:59:39.699Z] HTTP Error: 401, Request had invalid authentication credentials. Expected OAuth 2 access token, login cookie or other valid authentication credential. See https://developers.google.com/identity/sign-in/web/devconsole-project.
[debug] [2023-09-03T07:59:40.045Z] FirebaseError: HTTP Error: 401, Request had invalid authentication credentials. Expected OAuth 2 access token, login cookie or other valid authentication credential. See https://developers.google.com/identity/sign-in/web/devconsole-project.
    at responseToError (C:\Users\california\AppData\Roaming\npm\node_modules\firebase-tools\lib\responseToError.js:49:12)
    at RetryOperation._fn (C:\Users\california\AppData\Roaming\npm\node_modules\firebase-tools\lib\apiv2.js:285:77)
    at processTicksAndRejections (node:internal/process/task_queues:96:5)
[error] 
[error] Error: Failed to get Firebase project warehouse-management-264df. Please make sure the project exists and your account has permission to access it.
[debug] [2023-09-03T08:34:28.156Z] ----------------------------------------------------------------------
[debug] [2023-09-03T08:34:28.158Z] Command:       C:\Program Files\nodejs\node.exe C:\Users\california\AppData\Roaming\npm\node_modules\firebase-tools\lib\bin\firebase.js login
[debug] [2023-09-03T08:34:28.159Z] CLI Version:   12.5.2
[debug] [2023-09-03T08:34:28.159Z] Platform:      win32
[debug] [2023-09-03T08:34:28.159Z] Node Version:  v16.13.1
[debug] [2023-09-03T08:34:28.160Z] Time:          Sun Sep 03 2023 14:34:28 GMT+0600 (Bangladesh Standard Time)
[debug] [2023-09-03T08:34:28.161Z] ----------------------------------------------------------------------
[debug] 
[info] Already logged in as tasnimulsharan8962@gmail.com
[debug] [2023-09-03T08:34:38.315Z] Error: Timed out.
    at Timeout._onTimeout (C:\Users\california\AppData\Roaming\npm\node_modules\firebase-tools\lib\utils.js:254:49)
    at listOnTimeout (node:internal/timers:557:17)
    at processTimers (node:internal/timers:500:7)
[error] 
[error] Error: An unexpected error has occurred.
[debug] [2023-09-03T08:36:06.576Z] ----------------------------------------------------------------------
[debug] [2023-09-03T08:36:06.578Z] Command:       C:\Program Files\nodejs\node.exe C:\Users\california\AppData\Roaming\npm\node_modules\firebase-tools\lib\bin\firebase.js login
[debug] [2023-09-03T08:36:06.579Z] CLI Version:   12.5.2
[debug] [2023-09-03T08:36:06.579Z] Platform:      win32
[debug] [2023-09-03T08:36:06.579Z] Node Version:  v16.13.1
[debug] [2023-09-03T08:36:06.580Z] Time:          Sun Sep 03 2023 14:36:06 GMT+0600 (Bangladesh Standard Time)
[debug] [2023-09-03T08:36:06.580Z] ----------------------------------------------------------------------
[debug] 
[info] Already logged in as tasnimulsharan8962@gmail.com
[debug] [2023-09-03T08:36:12.426Z] Error: Timed out.
    at Timeout.<anonymous> (C:\Users\california\AppData\Roaming\npm\node_modules\firebase-tools\lib\utils.js:254:49)
    at listOnTimeout (node:internal/timers:557:17)
    at processTimers (node:internal/timers:500:7)
[error] 
[error] Error: An unexpected error has occurred.
[debug] [2023-09-03T08:54:22.735Z] ----------------------------------------------------------------------
[debug] [2023-09-03T08:54:22.738Z] Command:       C:\Program Files\nodejs\node.exe C:\Users\california\AppData\Roaming\npm\node_modules\firebase-tools\lib\bin\firebase.js init
[debug] [2023-09-03T08:54:22.738Z] CLI Version:   12.5.2
[debug] [2023-09-03T08:54:22.738Z] Platform:      win32
[debug] [2023-09-03T08:54:22.738Z] Node Version:  v16.13.1
[debug] [2023-09-03T08:54:23.076Z] Time:          Sun Sep 03 2023 14:54:22 GMT+0600 (Bangladesh Standard Time)
[debug] [2023-09-03T08:54:23.076Z] ----------------------------------------------------------------------
[debug] 
[debug] [2023-09-03T08:54:23.273Z] > command requires scopes: ["email","openid","https://www.googleapis.com/auth/cloudplatformprojects.readonly","https://www.googleapis.com/auth/firebase","https://www.googleapis.com/auth/cloud-platform"]
[debug] [2023-09-03T08:54:23.273Z] > authorizing via signed-in user (tasnimulsharan8962@gmail.com)
[info] 
     ######## #### ########  ######## ########     ###     ######  ########
     ##        ##  ##     ## ##       ##     ##  ##   ##  ##       ##
     ######    ##  ########  ######   ########  #########  ######  ######
     ##        ##  ##    ##  ##       ##     ## ##     ##       ## ##
     ##       #### ##     ## ######## ########  ##     ##  ######  ########

You're about to initialize a Firebase project in this directory:

  E:\projects\warehouse-management-client-side

Before we get started, keep in mind:

  * You are initializing within an existing Firebase project directory

[info] 
=== Project Setup
[info] 
[info] First, let's associate this project directory with a Firebase project.
[info] You can create multiple project aliases by running firebase use --add, 
[info] but for now we'll just set up a default project.
[info] 
[debug] [2023-09-03T09:32:47.685Z] Using project from CLI flag: warehouse-management-264df
[debug] [2023-09-03T09:32:47.905Z] > refreshing access token with scopes: []
[debug] [2023-09-03T09:32:48.027Z] >>> [apiv2][query] POST https://www.googleapis.com/oauth2/v3/token [none]
[debug] [2023-09-03T09:32:48.027Z] >>> [apiv2][body] POST https://www.googleapis.com/oauth2/v3/token [omitted]
[debug] [2023-09-03T09:32:49.240Z] <<< [apiv2][status] POST https://www.googleapis.com/oauth2/v3/token 400
[debug] [2023-09-03T09:32:49.240Z] <<< [apiv2][body] POST https://www.googleapis.com/oauth2/v3/token [omitted]
[debug] [2023-09-03T09:32:49.242Z] >>> [apiv2][query] GET https://firebase.googleapis.com/v1beta1/projects/warehouse-management-264df [none]
[debug] [2023-09-03T09:32:49.809Z] <<< [apiv2][status] GET https://firebase.googleapis.com/v1beta1/projects/warehouse-management-264df 401
[debug] [2023-09-03T09:32:49.809Z] <<< [apiv2][body] GET https://firebase.googleapis.com/v1beta1/projects/warehouse-management-264df {"error":{"code":401,"message":"Request had invalid authentication credentials. Expected OAuth 2 access token, login cookie or other valid authentication credential. See https://developers.google.com/identity/sign-in/web/devconsole-project.","status":"UNAUTHENTICATED"}}
[debug] [2023-09-03T09:32:49.810Z] HTTP Error: 401, Request had invalid authentication credentials. Expected OAuth 2 access token, login cookie or other valid authentication credential. See https://developers.google.com/identity/sign-in/web/devconsole-project.
[debug] [2023-09-03T09:32:50.042Z] FirebaseError: HTTP Error: 401, Request had invalid authentication credentials. Expected OAuth 2 access token, login cookie or other valid authentication credential. See https://developers.google.com/identity/sign-in/web/devconsole-project.
    at responseToError (C:\Users\california\AppData\Roaming\npm\node_modules\firebase-tools\lib\responseToError.js:49:12)
    at RetryOperation._fn (C:\Users\california\AppData\Roaming\npm\node_modules\firebase-tools\lib\apiv2.js:285:77)
    at processTicksAndRejections (node:internal/process/task_queues:96:5)
[error] 
[error] Error: Failed to get Firebase project warehouse-management-264df. Please make sure the project exists and your account has permission to access it.
